<?xml version="1.0" encoding="UTF-8"?>
<!-- Generated by org.testng.reporters.JUnitXMLReporter -->
<testsuite hostname="LAPTOP-8RQVFFOA" ignored="76" name="Test" tests="5" failures="1" timestamp="2021-03-26T13:52:34 IST" time="404.565" errors="0">
  <testcase name="testCarLoan" time="56.189" classname="testCase.CarLoanTest"/>
  <testcase name="testEMICalculator" time="106.901" classname="testCase.LoanEmiCalculator"/>
  <testcase name="testLoanAmountCalculator" time="74.756" classname="testCase.LoanAmountCalculator"/>
  <testcase name="testHomeLoanEMICalculator" time="104.188" classname="testCase.HomeLoanEMICalculator"/>
  <testcase name="testLoanTenureCalculator" time="60.24" classname="testCase.LoanTenureCalculator">
    <failure type="java.lang.AssertionError" message="Assertion : Actual is -25,000.00 And Expacted is - 25,089.18">
      <![CDATA[java.lang.AssertionError: Assertion : Actual is -25,000.00 And Expacted is - 25,089.18
at baseClasses.PageBaseClass.reportFail(PageBaseClass.java:176)
at baseClasses.PageBaseClass.assertequals(PageBaseClass.java:162)
at testCase.LoanTenureCalculator.testLoanTenureCalculator(LoanTenureCalculator.java:28)
at java.util.ArrayList.forEach(Unknown Source)
... Removed 28 stack frames]]>
    </failure>
  </testcase> <!-- testLoanTenureCalculator -->
  <testcase name="testEMICalculatorFeesNChargesFieldForSpecialCharactersInputValue" time="0.0" classname="testCase.LoanEmiCalculator">
    <ignored/>
  </testcase> <!-- testEMICalculatorFeesNChargesFieldForSpecialCharactersInputValue -->
  <testcase name="verifyLoantennureFieldForAlphabeticInputValue" time="0.0" classname="testCase.CarLoanTest">
    <ignored/>
  </testcase> <!-- verifyLoantennureFieldForAlphabeticInputValue -->
  <testcase name="testHomeLoanEMICalculatorInterestRateFieldForNumbericInputValue" time="0.0" classname="testCase.HomeLoanEMICalculator">
    <ignored/>
  </testcase> <!-- testHomeLoanEMICalculatorInterestRateFieldForNumbericInputValue -->
  <testcase name="verifyLoantennureFieldForNumbericInputValue" time="0.0" classname="testCase.CarLoanTest">
    <ignored/>
  </testcase> <!-- verifyLoantennureFieldForNumbericInputValue -->
  <testcase name="verifyLoantennureFieldForSpecialCharactersInputValue" time="0.0" classname="testCase.CarLoanTest">
    <ignored/>
  </testcase> <!-- verifyLoantennureFieldForSpecialCharactersInputValue -->
  <testcase name="testHomeLoanEMICalculatorHomeInsuranceFieldForAlphabeticInputValue" time="0.0" classname="testCase.HomeLoanEMICalculator">
    <ignored/>
  </testcase> <!-- testHomeLoanEMICalculatorHomeInsuranceFieldForAlphabeticInputValue -->
  <testcase name="testEMICalculatorFeesNChargesForAlphabeticInputValue" time="0.0" classname="testCase.LoanEmiCalculator">
    <ignored/>
  </testcase> <!-- testEMICalculatorFeesNChargesForAlphabeticInputValue -->
  <testcase name="testLoanTenureCalculatorInterestRateForAlphabeticInputValue" time="0.0" classname="testCase.LoanTenureCalculator">
    <ignored/>
  </testcase> <!-- testLoanTenureCalculatorInterestRateForAlphabeticInputValue -->
  <testcase name="verifyInterestRateFieldForSpecialCharactersInputValue" time="0.0" classname="testCase.CarLoanTest">
    <ignored/>
  </testcase> <!-- verifyInterestRateFieldForSpecialCharactersInputValue -->
  <testcase name="testHomeLoanEMICalculatorMarginFieldForNumbericInputValue" time="0.0" classname="testCase.HomeLoanEMICalculator">
    <ignored/>
  </testcase> <!-- testHomeLoanEMICalculatorMarginFieldForNumbericInputValue -->
  <testcase name="testHomeLoanEMICalculatorFeesNChargesFieldForNumbericInputValue" time="0.0" classname="testCase.HomeLoanEMICalculator">
    <ignored/>
  </testcase> <!-- testHomeLoanEMICalculatorFeesNChargesFieldForNumbericInputValue -->
  <testcase name="testLoanTenureFeesNChargesFieldForSpecialCharactersInputValue" time="0.0" classname="testCase.LoanTenureCalculator">
    <ignored/>
  </testcase> <!-- testLoanTenureFeesNChargesFieldForSpecialCharactersInputValue -->
  <testcase name="testLoanAmountCalculatorLoanTenureForAlphabeticInputValue" time="0.0" classname="testCase.LoanAmountCalculator">
    <ignored/>
  </testcase> <!-- testLoanAmountCalculatorLoanTenureForAlphabeticInputValue -->
  <testcase name="testHomeLoanEMICalculatorOneTimeExpensesFieldForSpecialCharactersInputValue" time="0.0" classname="testCase.HomeLoanEMICalculator">
    <ignored/>
  </testcase> <!-- testHomeLoanEMICalculatorOneTimeExpensesFieldForSpecialCharactersInputValue -->
  <testcase name="testHomeLoanEMICalculatorPropertyTaxFieldForAlphabeticInputValue" time="0.0" classname="testCase.HomeLoanEMICalculator">
    <ignored/>
  </testcase> <!-- testHomeLoanEMICalculatorPropertyTaxFieldForAlphabeticInputValue -->
  <testcase name="verifyCarLoanAmountFieldForAlphabeticInputValue" time="0.0" classname="testCase.CarLoanTest">
    <ignored/>
  </testcase> <!-- verifyCarLoanAmountFieldForAlphabeticInputValue -->
  <testcase name="testLoanTenureFeesNChargesFieldForNumbericInputValue" time="0.0" classname="testCase.LoanTenureCalculator">
    <ignored/>
  </testcase> <!-- testLoanTenureFeesNChargesFieldForNumbericInputValue -->
  <testcase name="testEMICalculatorInterestRateFieldForNumbericInputValue" time="0.0" classname="testCase.LoanEmiCalculator">
    <ignored/>
  </testcase> <!-- testEMICalculatorInterestRateFieldForNumbericInputValue -->
  <testcase name="testLoanTenureCalculatorInterestRateForSpecialCharactersInputValue" time="0.0" classname="testCase.LoanTenureCalculator">
    <ignored/>
  </testcase> <!-- testLoanTenureCalculatorInterestRateForSpecialCharactersInputValue -->
  <testcase name="testHomeLoanEMICalculatorOneTimeExpensesFieldForNumbericInputValue" time="0.0" classname="testCase.HomeLoanEMICalculator">
    <ignored/>
  </testcase> <!-- testHomeLoanEMICalculatorOneTimeExpensesFieldForNumbericInputValue -->
  <testcase name="verifyInterestRateFieldForNumbericInputValue" time="0.0" classname="testCase.CarLoanTest">
    <ignored/>
  </testcase> <!-- verifyInterestRateFieldForNumbericInputValue -->
  <testcase name="testhomeLoanEMICalculatorHomeValueFieldForNumbericInputValue" time="0.0" classname="testCase.HomeLoanEMICalculator">
    <ignored/>
  </testcase> <!-- testhomeLoanEMICalculatorHomeValueFieldForNumbericInputValue -->
  <testcase name="testEMICalculatorAmountFieldForAlphabeticInputValue" time="0.0" classname="testCase.LoanEmiCalculator">
    <ignored/>
  </testcase> <!-- testEMICalculatorAmountFieldForAlphabeticInputValue -->
  <testcase name="testLoanAmountCalculatorEmiFieldForNumbericInputValue" time="0.0" classname="testCase.LoanAmountCalculator">
    <ignored/>
  </testcase> <!-- testLoanAmountCalculatorEmiFieldForNumbericInputValue -->
  <testcase name="testHomeLoanEMICalculatorLoanInsuranceFieldForAlphabeticInputValue" time="0.0" classname="testCase.HomeLoanEMICalculator">
    <ignored/>
  </testcase> <!-- testHomeLoanEMICalculatorLoanInsuranceFieldForAlphabeticInputValue -->
  <testcase name="testLoanAmountCalculatorEmiFieldForSpecialCharactersInputValue" time="0.0" classname="testCase.LoanAmountCalculator">
    <ignored/>
  </testcase> <!-- testLoanAmountCalculatorEmiFieldForSpecialCharactersInputValue -->
  <testcase name="testHomeLoanEMICalculatorMaintenanceExpensesFieldForAlphabeticInputValue" time="0.0" classname="testCase.HomeLoanEMICalculator">
    <ignored/>
  </testcase> <!-- testHomeLoanEMICalculatorMaintenanceExpensesFieldForAlphabeticInputValue -->
  <testcase name="testLoanAmountCalculatorFeesNChargesForNumbericInputValue" time="0.0" classname="testCase.LoanAmountCalculator">
    <ignored/>
  </testcase> <!-- testLoanAmountCalculatorFeesNChargesForNumbericInputValue -->
  <testcase name="testEMICalculatorInterestRateFieldForSpecialCharactersInputValue" time="0.0" classname="testCase.LoanEmiCalculator">
    <ignored/>
  </testcase> <!-- testEMICalculatorInterestRateFieldForSpecialCharactersInputValue -->
  <testcase name="testHomeLoanEMICalculatorMaintenanceExpensesFieldForSpecialCharactersInputValue" time="0.0" classname="testCase.HomeLoanEMICalculator">
    <ignored/>
  </testcase> <!-- testHomeLoanEMICalculatorMaintenanceExpensesFieldForSpecialCharactersInputValue -->
  <testcase name="testLoanAmountCalculatorLoanTenureForNumbericInputValue" time="0.0" classname="testCase.LoanAmountCalculator">
    <ignored/>
  </testcase> <!-- testLoanAmountCalculatorLoanTenureForNumbericInputValue -->
  <testcase name="testHomeLoanEMICalculatorHomeValueFieldForSpecialCharactersInputValue" time="0.0" classname="testCase.HomeLoanEMICalculator">
    <ignored/>
  </testcase> <!-- testHomeLoanEMICalculatorHomeValueFieldForSpecialCharactersInputValue -->
  <testcase name="testLoanTenureCalculatorEmiFieldForSpecialCharactersInputValue" time="0.0" classname="testCase.LoanTenureCalculator">
    <ignored/>
  </testcase> <!-- testLoanTenureCalculatorEmiFieldForSpecialCharactersInputValue -->
  <testcase name="verifyInterestRateFieldForAlphabeticInputValue" time="0.0" classname="testCase.CarLoanTest">
    <ignored/>
  </testcase> <!-- verifyInterestRateFieldForAlphabeticInputValue -->
  <testcase name="testHomeLoanEMICalculatorLoanInsuranceFieldForSpecialCharactersInputValue" time="0.0" classname="testCase.HomeLoanEMICalculator">
    <ignored/>
  </testcase> <!-- testHomeLoanEMICalculatorLoanInsuranceFieldForSpecialCharactersInputValue -->
  <testcase name="testHomeLoanEMICalculatorLoanTenureFieldForSpecialCharactersInputValue" time="0.0" classname="testCase.HomeLoanEMICalculator">
    <ignored/>
  </testcase> <!-- testHomeLoanEMICalculatorLoanTenureFieldForSpecialCharactersInputValue -->
  <testcase name="testLoanTenureCalculatorEmiFieldForNumbericInputValue" time="0.0" classname="testCase.LoanTenureCalculator">
    <ignored/>
  </testcase> <!-- testLoanTenureCalculatorEmiFieldForNumbericInputValue -->
  <testcase name="testLoanAmountCalculatorFeesNChargesForSpecilaCharactersInputValue" time="0.0" classname="testCase.LoanAmountCalculator">
    <ignored/>
  </testcase> <!-- testLoanAmountCalculatorFeesNChargesForSpecilaCharactersInputValue -->
  <testcase name="testLoanAmountCalculatorInterestRateForSpecialCharactersInputValue" time="0.0" classname="testCase.LoanAmountCalculator">
    <ignored/>
  </testcase> <!-- testLoanAmountCalculatorInterestRateForSpecialCharactersInputValue -->
  <testcase name="testLoanAmountCalculatorInterestRateForNumbericInputValue" time="0.0" classname="testCase.LoanAmountCalculator">
    <ignored/>
  </testcase> <!-- testLoanAmountCalculatorInterestRateForNumbericInputValue -->
  <testcase name="testHomeLoanEMICalculatorLoanTenureFieldForNumbericInputValue" time="0.0" classname="testCase.HomeLoanEMICalculator">
    <ignored/>
  </testcase> <!-- testHomeLoanEMICalculatorLoanTenureFieldForNumbericInputValue -->
  <testcase name="testHomeLoanEMICalculatorLoanTenureFieldForAlphabeticInputValue" time="0.0" classname="testCase.HomeLoanEMICalculator">
    <ignored/>
  </testcase> <!-- testHomeLoanEMICalculatorLoanTenureFieldForAlphabeticInputValue -->
  <testcase name="testLoanAmountCalculatorFeesNChargesForAlphabeticInputValue" time="0.0" classname="testCase.LoanAmountCalculator">
    <ignored/>
  </testcase> <!-- testLoanAmountCalculatorFeesNChargesForAlphabeticInputValue -->
  <testcase name="testLoanAmountCalculatorEmiFieldForAlphabeticInputValue" time="0.0" classname="testCase.LoanAmountCalculator">
    <ignored/>
  </testcase> <!-- testLoanAmountCalculatorEmiFieldForAlphabeticInputValue -->
  <testcase name="testEMICalculatorFeesNChargesFieldForNumbericInputValue" time="0.0" classname="testCase.LoanEmiCalculator">
    <ignored/>
  </testcase> <!-- testEMICalculatorFeesNChargesFieldForNumbericInputValue -->
  <testcase name="testHomeLoanEMICalculatorPropertyTaxFieldForSpecialCharactersInputValue" time="0.0" classname="testCase.HomeLoanEMICalculator">
    <ignored/>
  </testcase> <!-- testHomeLoanEMICalculatorPropertyTaxFieldForSpecialCharactersInputValue -->
  <testcase name="testHomeLoanEMICalculatorMarginFieldForSpecialCharactersInputValue" time="0.0" classname="testCase.HomeLoanEMICalculator">
    <ignored/>
  </testcase> <!-- testHomeLoanEMICalculatorMarginFieldForSpecialCharactersInputValue -->
  <testcase name="testLoanTenureCalculatorAmountFieldForNumbericInputValue" time="0.0" classname="testCase.LoanTenureCalculator">
    <ignored/>
  </testcase> <!-- testLoanTenureCalculatorAmountFieldForNumbericInputValue -->
  <testcase name="testLoanTenureCalculatorAmountFieldForSpecialCharactersInputValue" time="0.0" classname="testCase.LoanTenureCalculator">
    <ignored/>
  </testcase> <!-- testLoanTenureCalculatorAmountFieldForSpecialCharactersInputValue -->
  <testcase name="testLoanAmountCalculatorLoanTenureForSpecialCharctersInputValue" time="0.0" classname="testCase.LoanAmountCalculator">
    <ignored/>
  </testcase> <!-- testLoanAmountCalculatorLoanTenureForSpecialCharctersInputValue -->
  <testcase name="testHomeLoanEMICalculatorMaintenanceExpensesFieldForNumbericInputValue" time="0.0" classname="testCase.HomeLoanEMICalculator">
    <ignored/>
  </testcase> <!-- testHomeLoanEMICalculatorMaintenanceExpensesFieldForNumbericInputValue -->
  <testcase name="testLoanTenureCalculatorEmiFieldForAlphabeticInputValue" time="0.0" classname="testCase.LoanTenureCalculator">
    <ignored/>
  </testcase> <!-- testLoanTenureCalculatorEmiFieldForAlphabeticInputValue -->
  <testcase name="testHomeLoanEMICalculatorFeesNChargesFieldForSpecialCharactersInputValue" time="0.0" classname="testCase.HomeLoanEMICalculator">
    <ignored/>
  </testcase> <!-- testHomeLoanEMICalculatorFeesNChargesFieldForSpecialCharactersInputValue -->
  <testcase name="testLoanTenureCalculatorInterestRateForNumbericInputValue" time="0.0" classname="testCase.LoanTenureCalculator">
    <ignored/>
  </testcase> <!-- testLoanTenureCalculatorInterestRateForNumbericInputValue -->
  <testcase name="testHomeLoanEMICalculatorInterestRateFieldForAlphabeticInputValue" time="0.0" classname="testCase.HomeLoanEMICalculator">
    <ignored/>
  </testcase> <!-- testHomeLoanEMICalculatorInterestRateFieldForAlphabeticInputValue -->
  <testcase name="verifyCarLoanAmountFieldForNumbericInputValue" time="0.0" classname="testCase.CarLoanTest">
    <ignored/>
  </testcase> <!-- verifyCarLoanAmountFieldForNumbericInputValue -->
  <testcase name="testHomeLoanEMICalculatorHomeValueFieldForAlphabeticInputValue" time="0.0" classname="testCase.HomeLoanEMICalculator">
    <ignored/>
  </testcase> <!-- testHomeLoanEMICalculatorHomeValueFieldForAlphabeticInputValue -->
  <testcase name="testHomeLoanEMICalculatorFeesNChargesFieldForAlphabeticInputValue" time="0.0" classname="testCase.HomeLoanEMICalculator">
    <ignored/>
  </testcase> <!-- testHomeLoanEMICalculatorFeesNChargesFieldForAlphabeticInputValue -->
  <testcase name="testLoanAmountCalculatorInterestRateForAlphabeticInputValue" time="0.0" classname="testCase.LoanAmountCalculator">
    <ignored/>
  </testcase> <!-- testLoanAmountCalculatorInterestRateForAlphabeticInputValue -->
  <testcase name="testHomeLoanEMICalculatorLoanInsuranceFieldForNumbericInputValue" time="0.0" classname="testCase.HomeLoanEMICalculator">
    <ignored/>
  </testcase> <!-- testHomeLoanEMICalculatorLoanInsuranceFieldForNumbericInputValue -->
  <testcase name="testHomeLoanEMICalculatorHomeInsuranceFieldForSpecialCharactersInputValue" time="0.0" classname="testCase.HomeLoanEMICalculator">
    <ignored/>
  </testcase> <!-- testHomeLoanEMICalculatorHomeInsuranceFieldForSpecialCharactersInputValue -->
  <testcase name="testLoanTenureFeesNChargesForAlphabeticInputValue" time="0.0" classname="testCase.LoanTenureCalculator">
    <ignored/>
  </testcase> <!-- testLoanTenureFeesNChargesForAlphabeticInputValue -->
  <testcase name="testHomeLoanEMICalculatorMarginFieldForAlphabeticInputValue" time="0.0" classname="testCase.HomeLoanEMICalculator">
    <ignored/>
  </testcase> <!-- testHomeLoanEMICalculatorMarginFieldForAlphabeticInputValue -->
  <testcase name="testHomeLoanEMICalculatorPropertyTaxFieldForNumbericInputValue" time="0.0" classname="testCase.HomeLoanEMICalculator">
    <ignored/>
  </testcase> <!-- testHomeLoanEMICalculatorPropertyTaxFieldForNumbericInputValue -->
  <testcase name="verifyCarLoanAmountFieldForSpecialCharactersInputValue" time="0.0" classname="testCase.CarLoanTest">
    <ignored/>
  </testcase> <!-- verifyCarLoanAmountFieldForSpecialCharactersInputValue -->
  <testcase name="testEMICalculatorAmountFieldForSpecialCharactersInputValue" time="0.0" classname="testCase.LoanEmiCalculator">
    <ignored/>
  </testcase> <!-- testEMICalculatorAmountFieldForSpecialCharactersInputValue -->
  <testcase name="testEMICalculatorInterestRateFieldForAlphabeticInputValue" time="0.0" classname="testCase.LoanEmiCalculator">
    <ignored/>
  </testcase> <!-- testEMICalculatorInterestRateFieldForAlphabeticInputValue -->
  <testcase name="testEMICalculatorLoanTenureFieldForNumbericInputValue" time="0.0" classname="testCase.LoanEmiCalculator">
    <ignored/>
  </testcase> <!-- testEMICalculatorLoanTenureFieldForNumbericInputValue -->
  <testcase name="testHomeLoanEMICalculatorHomeInsuranceFieldForNumbericInputValue" time="0.0" classname="testCase.HomeLoanEMICalculator">
    <ignored/>
  </testcase> <!-- testHomeLoanEMICalculatorHomeInsuranceFieldForNumbericInputValue -->
  <testcase name="testEMICalculatorLoanTenureFieldForAlphabeticInputValue" time="0.0" classname="testCase.LoanEmiCalculator">
    <ignored/>
  </testcase> <!-- testEMICalculatorLoanTenureFieldForAlphabeticInputValue -->
  <testcase name="testHomeLoanEMICalculatorInterestRateFieldForSpecialCharactersInputValue" time="0.0" classname="testCase.HomeLoanEMICalculator">
    <ignored/>
  </testcase> <!-- testHomeLoanEMICalculatorInterestRateFieldForSpecialCharactersInputValue -->
  <testcase name="testLoanTenureCalculatorAmountFieldForAlphabeticInputValue" time="0.0" classname="testCase.LoanTenureCalculator">
    <ignored/>
  </testcase> <!-- testLoanTenureCalculatorAmountFieldForAlphabeticInputValue -->
  <testcase name="testEMICalculatorLoanTenureFieldForSpecialCharactersInputValue" time="0.0" classname="testCase.LoanEmiCalculator">
    <ignored/>
  </testcase> <!-- testEMICalculatorLoanTenureFieldForSpecialCharactersInputValue -->
  <testcase name="testHomeLoanEMICalculatorOneTimeExpensesFieldForAlphabeticInputValue" time="0.0" classname="testCase.HomeLoanEMICalculator">
    <ignored/>
  </testcase> <!-- testHomeLoanEMICalculatorOneTimeExpensesFieldForAlphabeticInputValue -->
  <testcase name="verifyCarLoanPageNavigation" time="0.0" classname="testCase.CarLoanTest">
    <ignored/>
  </testcase> <!-- verifyCarLoanPageNavigation -->
  <testcase name="testEMICalculatorAmountFieldForNumbericInputValue" time="0.0" classname="testCase.LoanEmiCalculator">
    <ignored/>
  </testcase> <!-- testEMICalculatorAmountFieldForNumbericInputValue -->
</testsuite> <!-- Test -->
